     D:\sandbox\git\programmerart\PAEngine\PAEngine\bin\Debug\PAEngine.lib 라이브러리 및 D:\sandbox\git\programmerart\PAEngine\PAEngine\bin\Debug\PAEngine.exp 개체를 생성하고 있습니다.
BulletCollision_Debug.lib(btCollisionAlgorithm.obj) : warning LNK4099: 'BulletCollision.pdb' PDB를 'BulletCollision_Debug.lib(btCollisionAlgorithm.obj)' 또는 'D:\sandbox\git\programmerart\PAEngine\PAEngine\bin\Debug\BulletCollision.pdb'에서 찾을 수 없습니다. 디버그 정보가 없는 것처럼 개체를 링크합니다.
BulletCollision_Debug.lib(btDbvt.obj) : warning LNK4099: 'BulletCollision.pdb' PDB를 'BulletCollision_Debug.lib(btDbvt.obj)' 또는 'D:\sandbox\git\programmerart\PAEngine\PAEngine\bin\Debug\BulletCollision.pdb'에서 찾을 수 없습니다. 디버그 정보가 없는 것처럼 개체를 링크합니다.
BulletCollision_Debug.lib(btDbvtBroadphase.obj) : warning LNK4099: 'BulletCollision.pdb' PDB를 'BulletCollision_Debug.lib(btDbvtBroadphase.obj)' 또는 'D:\sandbox\git\programmerart\PAEngine\PAEngine\bin\Debug\BulletCollision.pdb'에서 찾을 수 없습니다. 디버그 정보가 없는 것처럼 개체를 링크합니다.
BulletCollision_Debug.lib(btDispatcher.obj) : warning LNK4099: 'BulletCollision.pdb' PDB를 'BulletCollision_Debug.lib(btDispatcher.obj)' 또는 'D:\sandbox\git\programmerart\PAEngine\PAEngine\bin\Debug\BulletCollision.pdb'에서 찾을 수 없습니다. 디버그 정보가 없는 것처럼 개체를 링크합니다.
BulletCollision_Debug.lib(btOverlappingPairCache.obj) : warning LNK4099: 'BulletCollision.pdb' PDB를 'BulletCollision_Debug.lib(btOverlappingPairCache.obj)' 또는 'D:\sandbox\git\programmerart\PAEngine\PAEngine\bin\Debug\BulletCollision.pdb'에서 찾을 수 없습니다. 디버그 정보가 없는 것처럼 개체를 링크합니다.
BulletCollision_Debug.lib(btQuantizedBvh.obj) : warning LNK4099: 'BulletCollision.pdb' PDB를 'BulletCollision_Debug.lib(btQuantizedBvh.obj)' 또는 'D:\sandbox\git\programmerart\PAEngine\PAEngine\bin\Debug\BulletCollision.pdb'에서 찾을 수 없습니다. 디버그 정보가 없는 것처럼 개체를 링크합니다.
BulletCollision_Debug.lib(btActivatingCollisionAlgorithm.obj) : warning LNK4099: 'BulletCollision.pdb' PDB를 'BulletCollision_Debug.lib(btActivatingCollisionAlgorithm.obj)' 또는 'D:\sandbox\git\programmerart\PAEngine\PAEngine\bin\Debug\BulletCollision.pdb'에서 찾을 수 없습니다. 디버그 정보가 없는 것처럼 개체를 링크합니다.
BulletCollision_Debug.lib(btBoxBoxCollisionAlgorithm.obj) : warning LNK4099: 'BulletCollision.pdb' PDB를 'BulletCollision_Debug.lib(btBoxBoxCollisionAlgorithm.obj)' 또는 'D:\sandbox\git\programmerart\PAEngine\PAEngine\bin\Debug\BulletCollision.pdb'에서 찾을 수 없습니다. 디버그 정보가 없는 것처럼 개체를 링크합니다.
BulletCollision_Debug.lib(btBoxBoxDetector.obj) : warning LNK4099: 'BulletCollision.pdb' PDB를 'BulletCollision_Debug.lib(btBoxBoxDetector.obj)' 또는 'D:\sandbox\git\programmerart\PAEngine\PAEngine\bin\Debug\BulletCollision.pdb'에서 찾을 수 없습니다. 디버그 정보가 없는 것처럼 개체를 링크합니다.
BulletCollision_Debug.lib(btCollisionDispatcher.obj) : warning LNK4099: 'BulletCollision.pdb' PDB를 'BulletCollision_Debug.lib(btCollisionDispatcher.obj)' 또는 'D:\sandbox\git\programmerart\PAEngine\PAEngine\bin\Debug\BulletCollision.pdb'에서 찾을 수 없습니다. 디버그 정보가 없는 것처럼 개체를 링크합니다.
BulletCollision_Debug.lib(btCollisionObject.obj) : warning LNK4099: 'BulletCollision.pdb' PDB를 'BulletCollision_Debug.lib(btCollisionObject.obj)' 또는 'D:\sandbox\git\programmerart\PAEngine\PAEngine\bin\Debug\BulletCollision.pdb'에서 찾을 수 없습니다. 디버그 정보가 없는 것처럼 개체를 링크합니다.
BulletCollision_Debug.lib(btCollisionWorld.obj) : warning LNK4099: 'BulletCollision.pdb' PDB를 'BulletCollision_Debug.lib(btCollisionWorld.obj)' 또는 'D:\sandbox\git\programmerart\PAEngine\PAEngine\bin\Debug\BulletCollision.pdb'에서 찾을 수 없습니다. 디버그 정보가 없는 것처럼 개체를 링크합니다.
BulletCollision_Debug.lib(btCompoundCollisionAlgorithm.obj) : warning LNK4099: 'BulletCollision.pdb' PDB를 'BulletCollision_Debug.lib(btCompoundCollisionAlgorithm.obj)' 또는 'D:\sandbox\git\programmerart\PAEngine\PAEngine\bin\Debug\BulletCollision.pdb'에서 찾을 수 없습니다. 디버그 정보가 없는 것처럼 개체를 링크합니다.
BulletCollision_Debug.lib(btCompoundCompoundCollisionAlgorithm.obj) : warning LNK4099: 'BulletCollision.pdb' PDB를 'BulletCollision_Debug.lib(btCompoundCompoundCollisionAlgorithm.obj)' 또는 'D:\sandbox\git\programmerart\PAEngine\PAEngine\bin\Debug\BulletCollision.pdb'에서 찾을 수 없습니다. 디버그 정보가 없는 것처럼 개체를 링크합니다.
BulletCollision_Debug.lib(btConvexConcaveCollisionAlgorithm.obj) : warning LNK4099: 'BulletCollision.pdb' PDB를 'BulletCollision_Debug.lib(btConvexConcaveCollisionAlgorithm.obj)' 또는 'D:\sandbox\git\programmerart\PAEngine\PAEngine\bin\Debug\BulletCollision.pdb'에서 찾을 수 없습니다. 디버그 정보가 없는 것처럼 개체를 링크합니다.
BulletCollision_Debug.lib(btConvexConvexAlgorithm.obj) : warning LNK4099: 'BulletCollision.pdb' PDB를 'BulletCollision_Debug.lib(btConvexConvexAlgorithm.obj)' 또는 'D:\sandbox\git\programmerart\PAEngine\PAEngine\bin\Debug\BulletCollision.pdb'에서 찾을 수 없습니다. 디버그 정보가 없는 것처럼 개체를 링크합니다.
BulletCollision_Debug.lib(btConvexPlaneCollisionAlgorithm.obj) : warning LNK4099: 'BulletCollision.pdb' PDB를 'BulletCollision_Debug.lib(btConvexPlaneCollisionAlgorithm.obj)' 또는 'D:\sandbox\git\programmerart\PAEngine\PAEngine\bin\Debug\BulletCollision.pdb'에서 찾을 수 없습니다. 디버그 정보가 없는 것처럼 개체를 링크합니다.
BulletCollision_Debug.lib(btDefaultCollisionConfiguration.obj) : warning LNK4099: 'BulletCollision.pdb' PDB를 'BulletCollision_Debug.lib(btDefaultCollisionConfiguration.obj)' 또는 'D:\sandbox\git\programmerart\PAEngine\PAEngine\bin\Debug\BulletCollision.pdb'에서 찾을 수 없습니다. 디버그 정보가 없는 것처럼 개체를 링크합니다.
BulletCollision_Debug.lib(btEmptyCollisionAlgorithm.obj) : warning LNK4099: 'BulletCollision.pdb' PDB를 'BulletCollision_Debug.lib(btEmptyCollisionAlgorithm.obj)' 또는 'D:\sandbox\git\programmerart\PAEngine\PAEngine\bin\Debug\BulletCollision.pdb'에서 찾을 수 없습니다. 디버그 정보가 없는 것처럼 개체를 링크합니다.
BulletCollision_Debug.lib(btGhostObject.obj) : warning LNK4099: 'BulletCollision.pdb' PDB를 'BulletCollision_Debug.lib(btGhostObject.obj)' 또는 'D:\sandbox\git\programmerart\PAEngine\PAEngine\bin\Debug\BulletCollision.pdb'에서 찾을 수 없습니다. 디버그 정보가 없는 것처럼 개체를 링크합니다.
BulletCollision_Debug.lib(btHashedSimplePairCache.obj) : warning LNK4099: 'BulletCollision.pdb' PDB를 'BulletCollision_Debug.lib(btHashedSimplePairCache.obj)' 또는 'D:\sandbox\git\programmerart\PAEngine\PAEngine\bin\Debug\BulletCollision.pdb'에서 찾을 수 없습니다. 디버그 정보가 없는 것처럼 개체를 링크합니다.
BulletCollision_Debug.lib(btManifoldResult.obj) : warning LNK4099: 'BulletCollision.pdb' PDB를 'BulletCollision_Debug.lib(btManifoldResult.obj)' 또는 'D:\sandbox\git\programmerart\PAEngine\PAEngine\bin\Debug\BulletCollision.pdb'에서 찾을 수 없습니다. 디버그 정보가 없는 것처럼 개체를 링크합니다.
BulletCollision_Debug.lib(btSimulationIslandManager.obj) : warning LNK4099: 'BulletCollision.pdb' PDB를 'BulletCollision_Debug.lib(btSimulationIslandManager.obj)' 또는 'D:\sandbox\git\programmerart\PAEngine\PAEngine\bin\Debug\BulletCollision.pdb'에서 찾을 수 없습니다. 디버그 정보가 없는 것처럼 개체를 링크합니다.
BulletCollision_Debug.lib(btSphereSphereCollisionAlgorithm.obj) : warning LNK4099: 'BulletCollision.pdb' PDB를 'BulletCollision_Debug.lib(btSphereSphereCollisionAlgorithm.obj)' 또는 'D:\sandbox\git\programmerart\PAEngine\PAEngine\bin\Debug\BulletCollision.pdb'에서 찾을 수 없습니다. 디버그 정보가 없는 것처럼 개체를 링크합니다.
BulletCollision_Debug.lib(btSphereTriangleCollisionAlgorithm.obj) : warning LNK4099: 'BulletCollision.pdb' PDB를 'BulletCollision_Debug.lib(btSphereTriangleCollisionAlgorithm.obj)' 또는 'D:\sandbox\git\programmerart\PAEngine\PAEngine\bin\Debug\BulletCollision.pdb'에서 찾을 수 없습니다. 디버그 정보가 없는 것처럼 개체를 링크합니다.
BulletCollision_Debug.lib(btUnionFind.obj) : warning LNK4099: 'BulletCollision.pdb' PDB를 'BulletCollision_Debug.lib(btUnionFind.obj)' 또는 'D:\sandbox\git\programmerart\PAEngine\PAEngine\bin\Debug\BulletCollision.pdb'에서 찾을 수 없습니다. 디버그 정보가 없는 것처럼 개체를 링크합니다.
BulletCollision_Debug.lib(SphereTriangleDetector.obj) : warning LNK4099: 'BulletCollision.pdb' PDB를 'BulletCollision_Debug.lib(SphereTriangleDetector.obj)' 또는 'D:\sandbox\git\programmerart\PAEngine\PAEngine\bin\Debug\BulletCollision.pdb'에서 찾을 수 없습니다. 디버그 정보가 없는 것처럼 개체를 링크합니다.
BulletCollision_Debug.lib(btBoxShape.obj) : warning LNK4099: 'BulletCollision.pdb' PDB를 'BulletCollision_Debug.lib(btBoxShape.obj)' 또는 'D:\sandbox\git\programmerart\PAEngine\PAEngine\bin\Debug\BulletCollision.pdb'에서 찾을 수 없습니다. 디버그 정보가 없는 것처럼 개체를 링크합니다.
BulletCollision_Debug.lib(btBvhTriangleMeshShape.obj) : warning LNK4099: 'BulletCollision.pdb' PDB를 'BulletCollision_Debug.lib(btBvhTriangleMeshShape.obj)' 또는 'D:\sandbox\git\programmerart\PAEngine\PAEngine\bin\Debug\BulletCollision.pdb'에서 찾을 수 없습니다. 디버그 정보가 없는 것처럼 개체를 링크합니다.
BulletCollision_Debug.lib(btCollisionShape.obj) : warning LNK4099: 'BulletCollision.pdb' PDB를 'BulletCollision_Debug.lib(btCollisionShape.obj)' 또는 'D:\sandbox\git\programmerart\PAEngine\PAEngine\bin\Debug\BulletCollision.pdb'에서 찾을 수 없습니다. 디버그 정보가 없는 것처럼 개체를 링크합니다.
BulletCollision_Debug.lib(btConcaveShape.obj) : warning LNK4099: 'BulletCollision.pdb' PDB를 'BulletCollision_Debug.lib(btConcaveShape.obj)' 또는 'D:\sandbox\git\programmerart\PAEngine\PAEngine\bin\Debug\BulletCollision.pdb'에서 찾을 수 없습니다. 디버그 정보가 없는 것처럼 개체를 링크합니다.
BulletCollision_Debug.lib(btConvexInternalShape.obj) : warning LNK4099: 'BulletCollision.pdb' PDB를 'BulletCollision_Debug.lib(btConvexInternalShape.obj)' 또는 'D:\sandbox\git\programmerart\PAEngine\PAEngine\bin\Debug\BulletCollision.pdb'에서 찾을 수 없습니다. 디버그 정보가 없는 것처럼 개체를 링크합니다.
BulletCollision_Debug.lib(btConvexPolyhedron.obj) : warning LNK4099: 'BulletCollision.pdb' PDB를 'BulletCollision_Debug.lib(btConvexPolyhedron.obj)' 또는 'D:\sandbox\git\programmerart\PAEngine\PAEngine\bin\Debug\BulletCollision.pdb'에서 찾을 수 없습니다. 디버그 정보가 없는 것처럼 개체를 링크합니다.
BulletCollision_Debug.lib(btConvexShape.obj) : warning LNK4099: 'BulletCollision.pdb' PDB를 'BulletCollision_Debug.lib(btConvexShape.obj)' 또는 'D:\sandbox\git\programmerart\PAEngine\PAEngine\bin\Debug\BulletCollision.pdb'에서 찾을 수 없습니다. 디버그 정보가 없는 것처럼 개체를 링크합니다.
BulletCollision_Debug.lib(btHeightfieldTerrainShape.obj) : warning LNK4099: 'BulletCollision.pdb' PDB를 'BulletCollision_Debug.lib(btHeightfieldTerrainShape.obj)' 또는 'D:\sandbox\git\programmerart\PAEngine\PAEngine\bin\Debug\BulletCollision.pdb'에서 찾을 수 없습니다. 디버그 정보가 없는 것처럼 개체를 링크합니다.
BulletCollision_Debug.lib(btMiniSDF.obj) : warning LNK4099: 'BulletCollision.pdb' PDB를 'BulletCollision_Debug.lib(btMiniSDF.obj)' 또는 'D:\sandbox\git\programmerart\PAEngine\PAEngine\bin\Debug\BulletCollision.pdb'에서 찾을 수 없습니다. 디버그 정보가 없는 것처럼 개체를 링크합니다.
BulletCollision_Debug.lib(btOptimizedBvh.obj) : warning LNK4099: 'BulletCollision.pdb' PDB를 'BulletCollision_Debug.lib(btOptimizedBvh.obj)' 또는 'D:\sandbox\git\programmerart\PAEngine\PAEngine\bin\Debug\BulletCollision.pdb'에서 찾을 수 없습니다. 디버그 정보가 없는 것처럼 개체를 링크합니다.
BulletCollision_Debug.lib(btPolyhedralConvexShape.obj) : warning LNK4099: 'BulletCollision.pdb' PDB를 'BulletCollision_Debug.lib(btPolyhedralConvexShape.obj)' 또는 'D:\sandbox\git\programmerart\PAEngine\PAEngine\bin\Debug\BulletCollision.pdb'에서 찾을 수 없습니다. 디버그 정보가 없는 것처럼 개체를 링크합니다.
BulletCollision_Debug.lib(btSdfCollisionShape.obj) : warning LNK4099: 'BulletCollision.pdb' PDB를 'BulletCollision_Debug.lib(btSdfCollisionShape.obj)' 또는 'D:\sandbox\git\programmerart\PAEngine\PAEngine\bin\Debug\BulletCollision.pdb'에서 찾을 수 없습니다. 디버그 정보가 없는 것처럼 개체를 링크합니다.
BulletCollision_Debug.lib(btSphereShape.obj) : warning LNK4099: 'BulletCollision.pdb' PDB를 'BulletCollision_Debug.lib(btSphereShape.obj)' 또는 'D:\sandbox\git\programmerart\PAEngine\PAEngine\bin\Debug\BulletCollision.pdb'에서 찾을 수 없습니다. 디버그 정보가 없는 것처럼 개체를 링크합니다.
BulletCollision_Debug.lib(btTriangleCallback.obj) : warning LNK4099: 'BulletCollision.pdb' PDB를 'BulletCollision_Debug.lib(btTriangleCallback.obj)' 또는 'D:\sandbox\git\programmerart\PAEngine\PAEngine\bin\Debug\BulletCollision.pdb'에서 찾을 수 없습니다. 디버그 정보가 없는 것처럼 개체를 링크합니다.
BulletCollision_Debug.lib(btTriangleMeshShape.obj) : warning LNK4099: 'BulletCollision.pdb' PDB를 'BulletCollision_Debug.lib(btTriangleMeshShape.obj)' 또는 'D:\sandbox\git\programmerart\PAEngine\PAEngine\bin\Debug\BulletCollision.pdb'에서 찾을 수 없습니다. 디버그 정보가 없는 것처럼 개체를 링크합니다.
BulletCollision_Debug.lib(btContinuousConvexCollision.obj) : warning LNK4099: 'BulletCollision.pdb' PDB를 'BulletCollision_Debug.lib(btContinuousConvexCollision.obj)' 또는 'D:\sandbox\git\programmerart\PAEngine\PAEngine\bin\Debug\BulletCollision.pdb'에서 찾을 수 없습니다. 디버그 정보가 없는 것처럼 개체를 링크합니다.
BulletCollision_Debug.lib(btConvexCast.obj) : warning LNK4099: 'BulletCollision.pdb' PDB를 'BulletCollision_Debug.lib(btConvexCast.obj)' 또는 'D:\sandbox\git\programmerart\PAEngine\PAEngine\bin\Debug\BulletCollision.pdb'에서 찾을 수 없습니다. 디버그 정보가 없는 것처럼 개체를 링크합니다.
BulletCollision_Debug.lib(btGjkConvexCast.obj) : warning LNK4099: 'BulletCollision.pdb' PDB를 'BulletCollision_Debug.lib(btGjkConvexCast.obj)' 또는 'D:\sandbox\git\programmerart\PAEngine\PAEngine\bin\Debug\BulletCollision.pdb'에서 찾을 수 없습니다. 디버그 정보가 없는 것처럼 개체를 링크합니다.
BulletCollision_Debug.lib(btGjkEpa2.obj) : warning LNK4099: 'BulletCollision.pdb' PDB를 'BulletCollision_Debug.lib(btGjkEpa2.obj)' 또는 'D:\sandbox\git\programmerart\PAEngine\PAEngine\bin\Debug\BulletCollision.pdb'에서 찾을 수 없습니다. 디버그 정보가 없는 것처럼 개체를 링크합니다.
BulletCollision_Debug.lib(btGjkEpaPenetrationDepthSolver.obj) : warning LNK4099: 'BulletCollision.pdb' PDB를 'BulletCollision_Debug.lib(btGjkEpaPenetrationDepthSolver.obj)' 또는 'D:\sandbox\git\programmerart\PAEngine\PAEngine\bin\Debug\BulletCollision.pdb'에서 찾을 수 없습니다. 디버그 정보가 없는 것처럼 개체를 링크합니다.
BulletCollision_Debug.lib(btGjkPairDetector.obj) : warning LNK4099: 'BulletCollision.pdb' PDB를 'BulletCollision_Debug.lib(btGjkPairDetector.obj)' 또는 'D:\sandbox\git\programmerart\PAEngine\PAEngine\bin\Debug\BulletCollision.pdb'에서 찾을 수 없습니다. 디버그 정보가 없는 것처럼 개체를 링크합니다.
BulletCollision_Debug.lib(btMinkowskiPenetrationDepthSolver.obj) : warning LNK4099: 'BulletCollision.pdb' PDB를 'BulletCollision_Debug.lib(btMinkowskiPenetrationDepthSolver.obj)' 또는 'D:\sandbox\git\programmerart\PAEngine\PAEngine\bin\Debug\BulletCollision.pdb'에서 찾을 수 없습니다. 디버그 정보가 없는 것처럼 개체를 링크합니다.
BulletCollision_Debug.lib(btPersistentManifold.obj) : warning LNK4099: 'BulletCollision.pdb' PDB를 'BulletCollision_Debug.lib(btPersistentManifold.obj)' 또는 'D:\sandbox\git\programmerart\PAEngine\PAEngine\bin\Debug\BulletCollision.pdb'에서 찾을 수 없습니다. 디버그 정보가 없는 것처럼 개체를 링크합니다.
BulletCollision_Debug.lib(btRaycastCallback.obj) : warning LNK4099: 'BulletCollision.pdb' PDB를 'BulletCollision_Debug.lib(btRaycastCallback.obj)' 또는 'D:\sandbox\git\programmerart\PAEngine\PAEngine\bin\Debug\BulletCollision.pdb'에서 찾을 수 없습니다. 디버그 정보가 없는 것처럼 개체를 링크합니다.
BulletCollision_Debug.lib(btSubSimplexConvexCast.obj) : warning LNK4099: 'BulletCollision.pdb' PDB를 'BulletCollision_Debug.lib(btSubSimplexConvexCast.obj)' 또는 'D:\sandbox\git\programmerart\PAEngine\PAEngine\bin\Debug\BulletCollision.pdb'에서 찾을 수 없습니다. 디버그 정보가 없는 것처럼 개체를 링크합니다.
BulletCollision_Debug.lib(btVoronoiSimplexSolver.obj) : warning LNK4099: 'BulletCollision.pdb' PDB를 'BulletCollision_Debug.lib(btVoronoiSimplexSolver.obj)' 또는 'D:\sandbox\git\programmerart\PAEngine\PAEngine\bin\Debug\BulletCollision.pdb'에서 찾을 수 없습니다. 디버그 정보가 없는 것처럼 개체를 링크합니다.
BulletCollision_Debug.lib(btPolyhedralContactClipping.obj) : warning LNK4099: 'BulletCollision.pdb' PDB를 'BulletCollision_Debug.lib(btPolyhedralContactClipping.obj)' 또는 'D:\sandbox\git\programmerart\PAEngine\PAEngine\bin\Debug\BulletCollision.pdb'에서 찾을 수 없습니다. 디버그 정보가 없는 것처럼 개체를 링크합니다.
BulletDynamics_Debug.lib(btConeTwistConstraint.obj) : warning LNK4099: 'BulletDynamics.pdb' PDB를 'BulletDynamics_Debug.lib(btConeTwistConstraint.obj)' 또는 'D:\sandbox\git\programmerart\PAEngine\PAEngine\bin\Debug\BulletDynamics.pdb'에서 찾을 수 없습니다. 디버그 정보가 없는 것처럼 개체를 링크합니다.
BulletDynamics_Debug.lib(btGeneric6DofConstraint.obj) : warning LNK4099: 'BulletDynamics.pdb' PDB를 'BulletDynamics_Debug.lib(btGeneric6DofConstraint.obj)' 또는 'D:\sandbox\git\programmerart\PAEngine\PAEngine\bin\Debug\BulletDynamics.pdb'에서 찾을 수 없습니다. 디버그 정보가 없는 것처럼 개체를 링크합니다.
BulletDynamics_Debug.lib(btHingeConstraint.obj) : warning LNK4099: 'BulletDynamics.pdb' PDB를 'BulletDynamics_Debug.lib(btHingeConstraint.obj)' 또는 'D:\sandbox\git\programmerart\PAEngine\PAEngine\bin\Debug\BulletDynamics.pdb'에서 찾을 수 없습니다. 디버그 정보가 없는 것처럼 개체를 링크합니다.
BulletDynamics_Debug.lib(btSequentialImpulseConstraintSolver.obj) : warning LNK4099: 'BulletDynamics.pdb' PDB를 'BulletDynamics_Debug.lib(btSequentialImpulseConstraintSolver.obj)' 또는 'D:\sandbox\git\programmerart\PAEngine\PAEngine\bin\Debug\BulletDynamics.pdb'에서 찾을 수 없습니다. 디버그 정보가 없는 것처럼 개체를 링크합니다.
BulletDynamics_Debug.lib(btTypedConstraint.obj) : warning LNK4099: 'BulletDynamics.pdb' PDB를 'BulletDynamics_Debug.lib(btTypedConstraint.obj)' 또는 'D:\sandbox\git\programmerart\PAEngine\PAEngine\bin\Debug\BulletDynamics.pdb'에서 찾을 수 없습니다. 디버그 정보가 없는 것처럼 개체를 링크합니다.
BulletDynamics_Debug.lib(btDiscreteDynamicsWorld.obj) : warning LNK4099: 'BulletDynamics.pdb' PDB를 'BulletDynamics_Debug.lib(btDiscreteDynamicsWorld.obj)' 또는 'D:\sandbox\git\programmerart\PAEngine\PAEngine\bin\Debug\BulletDynamics.pdb'에서 찾을 수 없습니다. 디버그 정보가 없는 것처럼 개체를 링크합니다.
BulletDynamics_Debug.lib(btRigidBody.obj) : warning LNK4099: 'BulletDynamics.pdb' PDB를 'BulletDynamics_Debug.lib(btRigidBody.obj)' 또는 'D:\sandbox\git\programmerart\PAEngine\PAEngine\bin\Debug\BulletDynamics.pdb'에서 찾을 수 없습니다. 디버그 정보가 없는 것처럼 개체를 링크합니다.
LinearMath_Debug.lib(btAlignedAllocator.obj) : warning LNK4099: 'LinearMath.pdb' PDB를 'LinearMath_Debug.lib(btAlignedAllocator.obj)' 또는 'D:\sandbox\git\programmerart\PAEngine\PAEngine\bin\Debug\LinearMath.pdb'에서 찾을 수 없습니다. 디버그 정보가 없는 것처럼 개체를 링크합니다.
LinearMath_Debug.lib(btConvexHullComputer.obj) : warning LNK4099: 'LinearMath.pdb' PDB를 'LinearMath_Debug.lib(btConvexHullComputer.obj)' 또는 'D:\sandbox\git\programmerart\PAEngine\PAEngine\bin\Debug\LinearMath.pdb'에서 찾을 수 없습니다. 디버그 정보가 없는 것처럼 개체를 링크합니다.
LinearMath_Debug.lib(btGeometryUtil.obj) : warning LNK4099: 'LinearMath.pdb' PDB를 'LinearMath_Debug.lib(btGeometryUtil.obj)' 또는 'D:\sandbox\git\programmerart\PAEngine\PAEngine\bin\Debug\LinearMath.pdb'에서 찾을 수 없습니다. 디버그 정보가 없는 것처럼 개체를 링크합니다.
LinearMath_Debug.lib(btQuickprof.obj) : warning LNK4099: 'LinearMath.pdb' PDB를 'LinearMath_Debug.lib(btQuickprof.obj)' 또는 'D:\sandbox\git\programmerart\PAEngine\PAEngine\bin\Debug\LinearMath.pdb'에서 찾을 수 없습니다. 디버그 정보가 없는 것처럼 개체를 링크합니다.
LinearMath_Debug.lib(btVector3.obj) : warning LNK4099: 'LinearMath.pdb' PDB를 'LinearMath_Debug.lib(btVector3.obj)' 또는 'D:\sandbox\git\programmerart\PAEngine\PAEngine\bin\Debug\LinearMath.pdb'에서 찾을 수 없습니다. 디버그 정보가 없는 것처럼 개체를 링크합니다.
PARender.lib(Camera.obj) : warning LNK4099: 'PARender.pdb' PDB를 'PARender.lib(Camera.obj)' 또는 'D:\sandbox\git\programmerart\PAEngine\PAEngine\bin\Debug\PARender.pdb'에서 찾을 수 없습니다. 디버그 정보가 없는 것처럼 개체를 링크합니다.
PARender.lib(DepthStencilView.obj) : warning LNK4099: 'PARender.pdb' PDB를 'PARender.lib(DepthStencilView.obj)' 또는 'D:\sandbox\git\programmerart\PAEngine\PAEngine\bin\Debug\PARender.pdb'에서 찾을 수 없습니다. 디버그 정보가 없는 것처럼 개체를 링크합니다.
PARender.lib(Light.obj) : warning LNK4099: 'PARender.pdb' PDB를 'PARender.lib(Light.obj)' 또는 'D:\sandbox\git\programmerart\PAEngine\PAEngine\bin\Debug\PARender.pdb'에서 찾을 수 없습니다. 디버그 정보가 없는 것처럼 개체를 링크합니다.
PARender.lib(Mesh.obj) : warning LNK4099: 'PARender.pdb' PDB를 'PARender.lib(Mesh.obj)' 또는 'D:\sandbox\git\programmerart\PAEngine\PAEngine\bin\Debug\PARender.pdb'에서 찾을 수 없습니다. 디버그 정보가 없는 것처럼 개체를 링크합니다.
PARender.lib(Model.obj) : warning LNK4099: 'PARender.pdb' PDB를 'PARender.lib(Model.obj)' 또는 'D:\sandbox\git\programmerart\PAEngine\PAEngine\bin\Debug\PARender.pdb'에서 찾을 수 없습니다. 디버그 정보가 없는 것처럼 개체를 링크합니다.
PARender.lib(MultiRenderTargetView.obj) : warning LNK4099: 'PARender.pdb' PDB를 'PARender.lib(MultiRenderTargetView.obj)' 또는 'D:\sandbox\git\programmerart\PAEngine\PAEngine\bin\Debug\PARender.pdb'에서 찾을 수 없습니다. 디버그 정보가 없는 것처럼 개체를 링크합니다.
PARender.lib(MultiShaderResourceView.obj) : warning LNK4099: 'PARender.pdb' PDB를 'PARender.lib(MultiShaderResourceView.obj)' 또는 'D:\sandbox\git\programmerart\PAEngine\PAEngine\bin\Debug\PARender.pdb'에서 찾을 수 없습니다. 디버그 정보가 없는 것처럼 개체를 링크합니다.
PARender.lib(PARenderPCH.obj) : warning LNK4099: 'PARender.pdb' PDB를 'PARender.lib(PARenderPCH.obj)' 또는 'D:\sandbox\git\programmerart\PAEngine\PAEngine\bin\Debug\PARender.pdb'에서 찾을 수 없습니다. 디버그 정보가 없는 것처럼 개체를 링크합니다.
PARender.lib(RenderEngine.obj) : warning LNK4099: 'PARender.pdb' PDB를 'PARender.lib(RenderEngine.obj)' 또는 'D:\sandbox\git\programmerart\PAEngine\PAEngine\bin\Debug\PARender.pdb'에서 찾을 수 없습니다. 디버그 정보가 없는 것처럼 개체를 링크합니다.
PARender.lib(Renderer.obj) : warning LNK4099: 'PARender.pdb' PDB를 'PARender.lib(Renderer.obj)' 또는 'D:\sandbox\git\programmerart\PAEngine\PAEngine\bin\Debug\PARender.pdb'에서 찾을 수 없습니다. 디버그 정보가 없는 것처럼 개체를 링크합니다.
PARender.lib(RenderTargetView.obj) : warning LNK4099: 'PARender.pdb' PDB를 'PARender.lib(RenderTargetView.obj)' 또는 'D:\sandbox\git\programmerart\PAEngine\PAEngine\bin\Debug\PARender.pdb'에서 찾을 수 없습니다. 디버그 정보가 없는 것처럼 개체를 링크합니다.
PARender.lib(Scene.obj) : warning LNK4099: 'PARender.pdb' PDB를 'PARender.lib(Scene.obj)' 또는 'D:\sandbox\git\programmerart\PAEngine\PAEngine\bin\Debug\PARender.pdb'에서 찾을 수 없습니다. 디버그 정보가 없는 것처럼 개체를 링크합니다.
PARender.lib(ShaderProgram.obj) : warning LNK4099: 'PARender.pdb' PDB를 'PARender.lib(ShaderProgram.obj)' 또는 'D:\sandbox\git\programmerart\PAEngine\PAEngine\bin\Debug\PARender.pdb'에서 찾을 수 없습니다. 디버그 정보가 없는 것처럼 개체를 링크합니다.
PARender.lib(ShaderResourceView.obj) : warning LNK4099: 'PARender.pdb' PDB를 'PARender.lib(ShaderResourceView.obj)' 또는 'D:\sandbox\git\programmerart\PAEngine\PAEngine\bin\Debug\PARender.pdb'에서 찾을 수 없습니다. 디버그 정보가 없는 것처럼 개체를 링크합니다.
PARender.lib(Texture.obj) : warning LNK4099: 'PARender.pdb' PDB를 'PARender.lib(Texture.obj)' 또는 'D:\sandbox\git\programmerart\PAEngine\PAEngine\bin\Debug\PARender.pdb'에서 찾을 수 없습니다. 디버그 정보가 없는 것처럼 개체를 링크합니다.
PARender.lib(WICTextureLoader.obj) : warning LNK4099: 'DirectXTK.pdb' PDB를 'PARender.lib(WICTextureLoader.obj)' 또는 'D:\sandbox\git\programmerart\PAEngine\PAEngine\bin\Debug\DirectXTK.pdb'에서 찾을 수 없습니다. 디버그 정보가 없는 것처럼 개체를 링크합니다.
PARender.lib(pch.obj) : warning LNK4099: 'DirectXTK.pdb' PDB를 'PARender.lib(pch.obj)' 또는 'D:\sandbox\git\programmerart\PAEngine\PAEngine\bin\Debug\DirectXTK.pdb'에서 찾을 수 없습니다. 디버그 정보가 없는 것처럼 개체를 링크합니다.
  PAEngine.vcxproj -> D:\sandbox\git\programmerart\PAEngine\PAEngine\bin\Debug\PAEngine.exe
  lib\FmodStudio/Debug\fmodL.dll
  lib\FmodStudio/Debug\fmodstudioL.dll
          2개 파일이 복사되었습니다.
